This is pdfTeX, Version 3.14159265-2.6-1.40.18 (TeX Live 2017/Debian) (preloaded format=pdflatex 2018.10.12)  15 MAR 2019 13:13
entering extended mode
 restricted \write18 enabled.
 file:line:error style messages enabled.
 %&-line parsing enabled.
**"/users/ugrad/burkeow/3rd-Year/Computational Mathematics/Assignment2/assignment_2.tex"
(/users/ugrad/burkeow/3rd-Year/Computational Mathematics/Assignment2/assignment_2.tex
LaTeX2e <2017-04-15>
Babel <3.18> and hyphenation patterns for 84 language(s) loaded.
(/usr/share/texlive/texmf-dist/tex/latex/base/report.cls
Document Class: report 2014/09/29 v1.4h Standard LaTeX document class
(/usr/share/texlive/texmf-dist/tex/latex/base/size10.clo
File: size10.clo 2014/09/29 v1.4h Standard LaTeX file (size option)
)
\c@part=\count79
\c@chapter=\count80
\c@section=\count81
\c@subsection=\count82
\c@subsubsection=\count83
\c@paragraph=\count84
\c@subparagraph=\count85
\c@figure=\count86
\c@table=\count87
\abovecaptionskip=\skip41
\belowcaptionskip=\skip42
\bibindent=\dimen102
) (/usr/share/texlive/texmf-dist/tex/latex/graphics/graphicx.sty
Package: graphicx 2017/06/01 v1.1a Enhanced LaTeX Graphics (DPC,SPQR)
 (/usr/share/texlive/texmf-dist/tex/latex/graphics/keyval.sty
Package: keyval 2014/10/28 v1.15 key=value parser (DPC)
\KV@toks@=\toks14
) (/usr/share/texlive/texmf-dist/tex/latex/graphics/graphics.sty
Package: graphics 2017/06/25 v1.2c Standard LaTeX Graphics (DPC,SPQR)
 (/usr/share/texlive/texmf-dist/tex/latex/graphics/trig.sty
Package: trig 2016/01/03 v1.10 sin cos tan (DPC)
) (/usr/share/texlive/texmf-dist/tex/latex/graphics-cfg/graphics.cfg
File: graphics.cfg 2016/06/04 v1.11 sample graphics configuration
)
Package graphics Info: Driver file: pdftex.def on input line 99.
 (/usr/share/texlive/texmf-dist/tex/latex/graphics-def/pdftex.def
File: pdftex.def 2018/01/08 v1.0l Graphics/color driver for pdftex
))
\Gin@req@height=\dimen103
\Gin@req@width=\dimen104
) (/usr/share/texlive/texmf-dist/tex/latex/pdfpages/pdfpages.sty
Package: pdfpages 2017/10/31 v0.5l Insert pages of external PDF documents (AM)
 (/usr/share/texlive/texmf-dist/tex/latex/base/ifthen.sty
Package: ifthen 2014/09/29 v1.1c Standard LaTeX ifthen package (DPC)
) (/usr/share/texlive/texmf-dist/tex/latex/tools/calc.sty
Package: calc 2014/10/28 v4.3 Infix arithmetic (KKT,FJ)
\calc@Acount=\count88
\calc@Bcount=\count89
\calc@Adimen=\dimen105
\calc@Bdimen=\dimen106
\calc@Askip=\skip43
\calc@Bskip=\skip44
LaTeX Info: Redefining \setlength on input line 80.
LaTeX Info: Redefining \addtolength on input line 81.
\calc@Ccount=\count90
\calc@Cskip=\skip45
) (/usr/share/texlive/texmf-dist/tex/latex/eso-pic/eso-pic.sty
Package: eso-pic 2015/07/21 v2.0g eso-pic (RN)
 (/usr/share/texlive/texmf-dist/tex/generic/oberdiek/atbegshi.sty
Package: atbegshi 2016/06/09 v1.18 At begin shipout hook (HO)
 (/usr/share/texlive/texmf-dist/tex/generic/oberdiek/infwarerr.sty
Package: infwarerr 2016/05/16 v1.4 Providing info/warning/error messages (HO)
) (/usr/share/texlive/texmf-dist/tex/generic/oberdiek/ltxcmds.sty
Package: ltxcmds 2016/05/16 v1.23 LaTeX kernel commands for general use (HO)
) (/usr/share/texlive/texmf-dist/tex/generic/oberdiek/ifpdf.sty
Package: ifpdf 2017/03/15 v3.2 Provides the ifpdf switch
)) (/usr/share/texlive/texmf-dist/tex/latex/xcolor/xcolor.sty
Package: xcolor 2016/05/11 v2.12 LaTeX color extensions (UK)
 (/usr/share/texlive/texmf-dist/tex/latex/graphics-cfg/color.cfg
File: color.cfg 2016/01/02 v1.6 sample color configuration
)
Package xcolor Info: Driver file: pdftex.def on input line 225.
Package xcolor Info: Model `cmy' substituted by `cmy0' on input line 1348.
Package xcolor Info: Model `hsb' substituted by `rgb' on input line 1352.
Package xcolor Info: Model `RGB' extended on input line 1364.
Package xcolor Info: Model `HTML' substituted by `rgb' on input line 1366.
Package xcolor Info: Model `Hsb' substituted by `hsb' on input line 1367.
Package xcolor Info: Model `tHsb' substituted by `hsb' on input line 1368.
Package xcolor Info: Model `HSB' substituted by `hsb' on input line 1369.
Package xcolor Info: Model `Gray' substituted by `gray' on input line 1370.
Package xcolor Info: Model `wave' substituted by `hsb' on input line 1371.
))
\AM@pagewidth=\dimen107
\AM@pageheight=\dimen108
 (/usr/share/texlive/texmf-dist/tex/latex/pdfpages/pppdftex.def
File: pppdftex.def 2017/10/31 v0.5l Pdfpages driver for pdfTeX (AM)
)
\AM@pagebox=\box26
\AM@global@opts=\toks15
\AM@toc@title=\toks16
\c@AM@survey=\count91
\AM@templatesizebox=\box27
) (/usr/share/texlive/texmf-dist/tex/latex/amsmath/amsmath.sty
Package: amsmath 2017/09/02 v2.17a AMS math features
\@mathmargin=\skip46

For additional information on amsmath, use the `?' option.
(/usr/share/texlive/texmf-dist/tex/latex/amsmath/amstext.sty
Package: amstext 2000/06/29 v2.01 AMS text
 (/usr/share/texlive/texmf-dist/tex/latex/amsmath/amsgen.sty
File: amsgen.sty 1999/11/30 v2.0 generic functions
\@emptytoks=\toks17
\ex@=\dimen109
)) (/usr/share/texlive/texmf-dist/tex/latex/amsmath/amsbsy.sty
Package: amsbsy 1999/11/29 v1.2d Bold Symbols
\pmbraise@=\dimen110
) (/usr/share/texlive/texmf-dist/tex/latex/amsmath/amsopn.sty
Package: amsopn 2016/03/08 v2.02 operator names
)
\inf@bad=\count92
LaTeX Info: Redefining \frac on input line 213.
\uproot@=\count93
\leftroot@=\count94
LaTeX Info: Redefining \overline on input line 375.
\classnum@=\count95
\DOTSCASE@=\count96
LaTeX Info: Redefining \ldots on input line 472.
LaTeX Info: Redefining \dots on input line 475.
LaTeX Info: Redefining \cdots on input line 596.
\Mathstrutbox@=\box28
\strutbox@=\box29
\big@size=\dimen111
LaTeX Font Info:    Redeclaring font encoding OML on input line 712.
LaTeX Font Info:    Redeclaring font encoding OMS on input line 713.
\macc@depth=\count97
\c@MaxMatrixCols=\count98
\dotsspace@=\muskip10
\c@parentequation=\count99
\dspbrk@lvl=\count100
\tag@help=\toks18
\row@=\count101
\column@=\count102
\maxfields@=\count103
\andhelp@=\toks19
\eqnshift@=\dimen112
\alignsep@=\dimen113
\tagshift@=\dimen114
\tagwidth@=\dimen115
\totwidth@=\dimen116
\lineht@=\dimen117
\@envbody=\toks20
\multlinegap=\skip47
\multlinetaggap=\skip48
\mathdisplay@stack=\toks21
LaTeX Info: Redefining \[ on input line 2817.
LaTeX Info: Redefining \] on input line 2818.
) (/usr/share/texlive/texmf-dist/tex/latex/listings/listings.sty
\lst@mode=\count104
\lst@gtempboxa=\box30
\lst@token=\toks22
\lst@length=\count105
\lst@currlwidth=\dimen118
\lst@column=\count106
\lst@pos=\count107
\lst@lostspace=\dimen119
\lst@width=\dimen120
\lst@newlines=\count108
\lst@lineno=\count109
\lst@maxwidth=\dimen121
 (/usr/share/texlive/texmf-dist/tex/latex/listings/lstmisc.sty
File: lstmisc.sty 2015/06/04 1.6 (Carsten Heinz)
\c@lstnumber=\count110
\lst@skipnumbers=\count111
\lst@framebox=\box31
) (/usr/share/texlive/texmf-dist/tex/latex/listings/listings.cfg
File: listings.cfg 2015/06/04 1.6 listings configuration
))
Package: listings 2015/06/04 1.6 (Carsten Heinz)
 (/users/ugrad/burkeow/3rd-Year/Computational Mathematics/Assignment2/assignment_2.aux)
\openout1 = `assignment_2.aux'.

LaTeX Font Info:    Checking defaults for OML/cmm/m/it on input line 15.
LaTeX Font Info:    ... okay on input line 15.
LaTeX Font Info:    Checking defaults for T1/cmr/m/n on input line 15.
LaTeX Font Info:    ... okay on input line 15.
LaTeX Font Info:    Checking defaults for OT1/cmr/m/n on input line 15.
LaTeX Font Info:    ... okay on input line 15.
LaTeX Font Info:    Checking defaults for OMS/cmsy/m/n on input line 15.
LaTeX Font Info:    ... okay on input line 15.
LaTeX Font Info:    Checking defaults for OMX/cmex/m/n on input line 15.
LaTeX Font Info:    ... okay on input line 15.
LaTeX Font Info:    Checking defaults for U/cmr/m/n on input line 15.
LaTeX Font Info:    ... okay on input line 15.
 (/usr/share/texlive/texmf-dist/tex/context/base/mkii/supp-pdf.mkii
[Loading MPS to PDF converter (version 2006.09.02).]
\scratchcounter=\count112
\scratchdimen=\dimen122
\scratchbox=\box32
\nofMPsegments=\count113
\nofMParguments=\count114
\everyMPshowfont=\toks23
\MPscratchCnt=\count115
\MPscratchDim=\dimen123
\MPnumerator=\count116
\makeMPintoPDFobject=\count117
\everyMPtoPDFconversion=\toks24
) (/usr/share/texlive/texmf-dist/tex/latex/oberdiek/epstopdf-base.sty
Package: epstopdf-base 2016/05/15 v2.6 Base part for package epstopdf
 (/usr/share/texlive/texmf-dist/tex/latex/oberdiek/grfext.sty
Package: grfext 2016/05/16 v1.2 Manage graphics extensions (HO)
 (/usr/share/texlive/texmf-dist/tex/generic/oberdiek/kvdefinekeys.sty
Package: kvdefinekeys 2016/05/16 v1.4 Define keys (HO)
)) (/usr/share/texlive/texmf-dist/tex/latex/oberdiek/kvoptions.sty
Package: kvoptions 2016/05/16 v3.12 Key value format for package options (HO)
 (/usr/share/texlive/texmf-dist/tex/generic/oberdiek/kvsetkeys.sty
Package: kvsetkeys 2016/05/16 v1.17 Key value parser (HO)
 (/usr/share/texlive/texmf-dist/tex/generic/oberdiek/etexcmds.sty
Package: etexcmds 2016/05/16 v1.6 Avoid name clashes with e-TeX commands (HO)
 (/usr/share/texlive/texmf-dist/tex/generic/oberdiek/ifluatex.sty
Package: ifluatex 2016/05/16 v1.4 Provides the ifluatex switch (HO)
Package ifluatex Info: LuaTeX not detected.
)
Package etexcmds Info: Could not find \expanded.
(etexcmds)             That can mean that you are not using pdfTeX 1.50 or
(etexcmds)             that some package has redefined \expanded.
(etexcmds)             In the latter case, load this package earlier.
))) (/usr/share/texlive/texmf-dist/tex/generic/oberdiek/pdftexcmds.sty
Package: pdftexcmds 2018/01/21 v0.26 Utility functions of pdfTeX for LuaTeX (HO)
Package pdftexcmds Info: LuaTeX not detected.
Package pdftexcmds Info: \pdf@primitive is available.
Package pdftexcmds Info: \pdf@ifprimitive is available.
Package pdftexcmds Info: \pdfdraftmode found.
)
Package epstopdf-base Info: Redefining graphics rule for `.eps' on input line 438.
Package grfext Info: Graphics extension search list:
(grfext)             [.pdf,.png,.jpg,.mps,.jpeg,.jbig2,.jb2,.PDF,.PNG,.JPG,.JPEG,.JBIG2,.JB2,.eps]
(grfext)             \AppendGraphicsExtensions on input line 456.
 (/usr/share/texlive/texmf-dist/tex/latex/latexconfig/epstopdf-sys.cfg
File: epstopdf-sys.cfg 2010/07/13 v1.3 Configuration of (r)epstopdf for TeX Live
))
\AtBeginShipoutBox=\box33
 (/usr/share/texlive/texmf-dist/tex/latex/oberdiek/pdflscape.sty
Package: pdflscape 2016/05/14 v0.11 Display of landscape pages in PDF (HO)
 (/usr/share/texlive/texmf-dist/tex/latex/graphics/lscape.sty
Package: lscape 2000/10/22 v3.01 Landscape Pages (DPC)
)
Package pdflscape Info: Auto-detected driver: pdftex on input line 81.
 (/usr/share/texlive/texmf-dist/tex/generic/ifxetex/ifxetex.sty
Package: ifxetex 2010/09/12 v0.6 Provides ifxetex conditional
))
\c@lstlisting=\count118
 (/usr/share/texlive/texmf-dist/tex/latex/listings/lstlang1.sty
File: lstlang1.sty 2015/06/04 1.6 listings language file
)

LaTeX Warning: No \author given.

[1

{/var/lib/texmf/fonts/map/pdftex/updmap/pdftex.map}]
Missing character: There is no Â in font cmr10!
Missing character: There is no ­ in font cmr10!
Missing character: There is no Â in font cmr10!
Missing character: There is no ­ in font cmr10!
 (/users/ugrad/burkeow/3rd-Year/Computational Mathematics/Assignment2/LUdecompGauss.m
LaTeX Font Info:    Try loading font information for OMS+cmr on input line 11.
 (/usr/share/texlive/texmf-dist/tex/latex/base/omscmr.fd
File: omscmr.fd 2014/09/29 v2.5h Standard LaTeX font definitions
)
LaTeX Font Info:    Font shape `OMS/cmr/m/n' in size <10> not available
(Font)              Font shape `OMS/cmsy/m/n' tried instead on input line 11.
 [1])
<LUdecompPic.png, id=17, 870.25125pt x 328.22626pt>
File: LUdecompPic.png Graphic file (type png)
<use LUdecompPic.png>
Package pdftex.def Info: LUdecompPic.png  used on input line 56.
(pdftex.def)             Requested size: 345.0pt x 130.12123pt.
 [2 </users/ugrad/burkeow/3rd-Year/Computational Mathematics/Assignment2/LUdecompPic.png>]
Underfull \hbox (badness 10000) in paragraph at lines 90--91

 []


Underfull \hbox (badness 10000) in paragraph at lines 90--91

 []

(/users/ugrad/burkeow/3rd-Year/Computational Mathematics/Assignment2/eigen_a.m)
<eigenVals_and_eigenVecs.png, id=23, 1026.83624pt x 304.13625pt>
File: eigenVals_and_eigenVecs.png Graphic file (type png)
<use eigenVals_and_eigenVecs.png>
Package pdftex.def Info: eigenVals_and_eigenVecs.png  used on input line 95.
(pdftex.def)             Requested size: 345.0pt x 102.18443pt.

Underfull \hbox (badness 10000) in paragraph at lines 100--109

 []


Underfull \hbox (badness 10000) in paragraph at lines 100--109

 []


Underfull \hbox (badness 10000) in paragraph at lines 100--109

 []

[3 </users/ugrad/burkeow/3rd-Year/Computational Mathematics/Assignment2/eigenVals_and_eigenVecs.png>]
Underfull \hbox (badness 10000) in paragraph at lines 110--118

 []


Underfull \hbox (badness 10000) in paragraph at lines 110--118

 []


Underfull \hbox (badness 10000) in paragraph at lines 119--127

 []


Underfull \hbox (badness 10000) in paragraph at lines 119--127

 []


Underfull \hbox (badness 10000) in paragraph at lines 128--136

 []


Underfull \hbox (badness 10000) in paragraph at lines 128--136

 []


Underfull \hbox (badness 10000) in paragraph at lines 137--145

 []


Underfull \hbox (badness 10000) in paragraph at lines 137--145

 []


Underfull \hbox (badness 10000) in paragraph at lines 146--154

 []


Underfull \hbox (badness 10000) in paragraph at lines 146--154

 []


Underfull \hbox (badness 10000) in paragraph at lines 156--158

 []


Underfull \hbox (badness 10000) in paragraph at lines 159--174

 []


Underfull \hbox (badness 10000) in paragraph at lines 159--174

 []

[4]

Package pdfpages Warning: Option `page' is unknow to \includepdf.
(pdfpages)                Did you mean `pages'? (Note the `s'!)
(pdfpages)                OK, I'll proceed as if it were `pages'.

<CS3081_Assignment_2_Multichoice.pdf, id=37, 597.50786pt x 845.01837pt>
File: CS3081_Assignment_2_Multichoice.pdf Graphic file (type pdf)
<use CS3081_Assignment_2_Multichoice.pdf>
Package pdftex.def Info: CS3081_Assignment_2_Multichoice.pdf  used on input line 177.
(pdftex.def)             Requested size: 597.5064pt x 845.01631pt.
File: CS3081_Assignment_2_Multichoice.pdf Graphic file (type pdf)
<use CS3081_Assignment_2_Multichoice.pdf>
Package pdftex.def Info: CS3081_Assignment_2_Multichoice.pdf  used on input line 177.
(pdftex.def)             Requested size: 597.5064pt x 845.01631pt.
<CS3081_Assignment_2_Multichoice.pdf, id=40, page=1, 597.50786pt x 845.01837pt>
File: CS3081_Assignment_2_Multichoice.pdf Graphic file (type pdf)
<use CS3081_Assignment_2_Multichoice.pdf, page 1>
Package pdftex.def Info: CS3081_Assignment_2_Multichoice.pdf , page1 used on input line 177.
(pdftex.def)             Requested size: 597.5064pt x 845.01631pt.
File: CS3081_Assignment_2_Multichoice.pdf Graphic file (type pdf)
<use CS3081_Assignment_2_Multichoice.pdf, page 1>
Package pdftex.def Info: CS3081_Assignment_2_Multichoice.pdf , page1 used on input line 177.
(pdftex.def)             Requested size: 562.12244pt x 794.97498pt.
[5]
File: CS3081_Assignment_2_Multichoice.pdf Graphic file (type pdf)
<use CS3081_Assignment_2_Multichoice.pdf, page 1>
Package pdftex.def Info: CS3081_Assignment_2_Multichoice.pdf , page1 used on input line 177.
(pdftex.def)             Requested size: 562.12244pt x 794.97498pt.
File: CS3081_Assignment_2_Multichoice.pdf Graphic file (type pdf)
<use CS3081_Assignment_2_Multichoice.pdf, page 1>
Package pdftex.def Info: CS3081_Assignment_2_Multichoice.pdf , page1 used on input line 177.
(pdftex.def)             Requested size: 562.12244pt x 794.97498pt.
File: CS3081_Assignment_2_Multichoice.pdf Graphic file (type pdf)
<use CS3081_Assignment_2_Multichoice.pdf, page 1>
Package pdftex.def Info: CS3081_Assignment_2_Multichoice.pdf , page1 used on input line 177.
(pdftex.def)             Requested size: 562.12244pt x 794.97498pt.
 [6 </users/ugrad/burkeow/3rd-Year/Computational Mathematics/Assignment2/CS3081_Assignment_2_Multichoice.pdf>]
<CS3081_Assignment_2_Multichoice.pdf, id=76, page=2, 597.50786pt x 845.01837pt>
File: CS3081_Assignment_2_Multichoice.pdf Graphic file (type pdf)
<use CS3081_Assignment_2_Multichoice.pdf, page 2>
Package pdftex.def Info: CS3081_Assignment_2_Multichoice.pdf , page2 used on input line 177.
(pdftex.def)             Requested size: 562.12244pt x 794.97498pt.
File: CS3081_Assignment_2_Multichoice.pdf Graphic file (type pdf)
<use CS3081_Assignment_2_Multichoice.pdf, page 2>
Package pdftex.def Info: CS3081_Assignment_2_Multichoice.pdf , page2 used on input line 177.
(pdftex.def)             Requested size: 562.12244pt x 794.97498pt.
File: CS3081_Assignment_2_Multichoice.pdf Graphic file (type pdf)
<use CS3081_Assignment_2_Multichoice.pdf, page 2>
Package pdftex.def Info: CS3081_Assignment_2_Multichoice.pdf , page2 used on input line 177.
(pdftex.def)             Requested size: 562.12244pt x 794.97498pt.
 [7 </users/ugrad/burkeow/3rd-Year/Computational Mathematics/Assignment2/CS3081_Assignment_2_Multichoice.pdf>]
<CS3081_Assignment_2_Multichoice.pdf, id=81, page=3, 597.50786pt x 845.01837pt>
File: CS3081_Assignment_2_Multichoice.pdf Graphic file (type pdf)
<use CS3081_Assignment_2_Multichoice.pdf, page 3>
Package pdftex.def Info: CS3081_Assignment_2_Multichoice.pdf , page3 used on input line 177.
(pdftex.def)             Requested size: 562.12244pt x 794.97498pt.
File: CS3081_Assignment_2_Multichoice.pdf Graphic file (type pdf)
<use CS3081_Assignment_2_Multichoice.pdf, page 3>
Package pdftex.def Info: CS3081_Assignment_2_Multichoice.pdf , page3 used on input line 177.
(pdftex.def)             Requested size: 562.12244pt x 794.97498pt.
File: CS3081_Assignment_2_Multichoice.pdf Graphic file (type pdf)
<use CS3081_Assignment_2_Multichoice.pdf, page 3>
Package pdftex.def Info: CS3081_Assignment_2_Multichoice.pdf , page3 used on input line 177.
(pdftex.def)             Requested size: 562.12244pt x 794.97498pt.
 [8 </users/ugrad/burkeow/3rd-Year/Computational Mathematics/Assignment2/CS3081_Assignment_2_Multichoice.pdf>] (/users/ugrad/burkeow/3rd-Year/Computational Mathematics/Assignment2/assignment_2.aux) ) 
Here is how much of TeX's memory you used:
 5278 strings out of 492982
 74018 string characters out of 6134895
 250014 words of memory out of 5000000
 8761 multiletter control sequences out of 15000+600000
 10654 words of font info for 38 fonts, out of 8000000 for 9000
 1141 hyphenation exceptions out of 8191
 41i,18n,46p,349b,1979s stack positions out of 5000i,500n,10000p,200000b,80000s
</usr/share/texlive/texmf-dist/fonts/type1/public/amsfonts/cm/cmbx10.pfb></usr/share/texlive/texmf-dist/fonts/type1/public/amsfonts/cm/cmbx12.pfb></usr/share/texlive/texmf-dist/fonts/type1/public/amsfonts/cm/cmbx7.pfb></usr/share/texlive/texmf-dist/fonts/type1/public/amsfonts/cm/cmbx8.pfb></usr/share/texlive/texmf-dist/fonts/type1/public/amsfonts/cm/cmbxti10.pfb></usr/share/texlive/texmf-dist/fonts/type1/public/amsfonts/cm/cmex10.pfb></usr/share/texlive/texmf-dist/fonts/type1/public/amsfonts/cm/cmmi10.pfb></usr/share/texlive/texmf-dist/fonts/type1/public/amsfonts/cm/cmmi12.pfb></usr/share/texlive/texmf-dist/fonts/type1/public/amsfonts/cm/cmr10.pfb></usr/share/texlive/texmf-dist/fonts/type1/public/amsfonts/cm/cmr12.pfb></usr/share/texlive/texmf-dist/fonts/type1/public/amsfonts/cm/cmr17.pfb></usr/share/texlive/texmf-dist/fonts/type1/public/amsfonts/cm/cmr5.pfb></usr/share/texlive/texmf-dist/fonts/type1/public/amsfonts/cm/cmr7.pfb></usr/share/texlive/texmf-dist/fonts/type1/public/amsfonts/cm/cmsy10.pfb></usr/share/texlive/texmf-dist/fonts/type1/public/amsfonts/cm/cmti10.pfb>
Output written on "/users/ugrad/burkeow/3rd-Year/Computational Mathematics/Assignment2/assignment_2.pdf" (9 pages, 212999 bytes).
PDF statistics:
 134 PDF objects out of 1000 (max. 8388607)
 87 compressed objects within 1 object stream
 0 named destinations out of 1000 (max. 500000)
 41 words of extra memory for PDF output out of 10000 (max. 10000000)

