This is pdfTeX, Version 3.14159265-2.6-1.40.19 (MiKTeX 2.9.6930 64-bit) (preloaded format=pdflatex 2019.1.31)  11 APR 2019 23:30
entering extended mode
**./Assignment3.tex
(Assignment3.tex
LaTeX2e <2018-12-01>
("D:\Program Files\MiKTeX 2.9\tex/latex/base\article.cls"
Document Class: article 2018/09/03 v1.4i Standard LaTeX document class
("D:\Program Files\MiKTeX 2.9\tex/latex/base\size10.clo"
File: size10.clo 2018/09/03 v1.4i Standard LaTeX file (size option)
)
\c@part=\count80
\c@section=\count81
\c@subsection=\count82
\c@subsubsection=\count83
\c@paragraph=\count84
\c@subparagraph=\count85
\c@figure=\count86
\c@table=\count87
\abovecaptionskip=\skip41
\belowcaptionskip=\skip42
\bibindent=\dimen102
)
("D:\Program Files\MiKTeX 2.9\tex/latex/graphics\graphicx.sty"
Package: graphicx 2017/06/01 v1.1a Enhanced LaTeX Graphics (DPC,SPQR)

("D:\Program Files\MiKTeX 2.9\tex/latex/graphics\keyval.sty"
Package: keyval 2014/10/28 v1.15 key=value parser (DPC)
\KV@toks@=\toks14
)
("D:\Program Files\MiKTeX 2.9\tex/latex/graphics\graphics.sty"
Package: graphics 2017/06/25 v1.2c Standard LaTeX Graphics (DPC,SPQR)

("D:\Program Files\MiKTeX 2.9\tex/latex/graphics\trig.sty"
Package: trig 2016/01/03 v1.10 sin cos tan (DPC)
)
("D:\Program Files\MiKTeX 2.9\tex/latex/graphics-cfg\graphics.cfg"
File: graphics.cfg 2016/06/04 v1.11 sample graphics configuration
)
Package graphics Info: Driver file: pdftex.def on input line 99.

("D:\Program Files\MiKTeX 2.9\tex/latex/graphics-def\pdftex.def"
File: pdftex.def 2018/01/08 v1.0l Graphics/color driver for pdftex
))
\Gin@req@height=\dimen103
\Gin@req@width=\dimen104
)
("D:\Program Files\MiKTeX 2.9\tex/latex/pdfpages\pdfpages.sty"
Package: pdfpages 2017/10/31 v0.5l Insert pages of external PDF documents (AM)

("D:\Program Files\MiKTeX 2.9\tex/latex/base\ifthen.sty"
Package: ifthen 2014/09/29 v1.1c Standard LaTeX ifthen package (DPC)
)
("D:\Program Files\MiKTeX 2.9\tex/latex/tools\calc.sty"
Package: calc 2017/05/25 v4.3 Infix arithmetic (KKT,FJ)
\calc@Acount=\count88
\calc@Bcount=\count89
\calc@Adimen=\dimen105
\calc@Bdimen=\dimen106
\calc@Askip=\skip43
\calc@Bskip=\skip44
LaTeX Info: Redefining \setlength on input line 80.
LaTeX Info: Redefining \addtolength on input line 81.
\calc@Ccount=\count90
\calc@Cskip=\skip45
)
("D:\Program Files\MiKTeX 2.9\tex/latex/eso-pic\eso-pic.sty"
Package: eso-pic 2018/04/12 v2.0h eso-pic (RN)

("D:\Program Files\MiKTeX 2.9\tex/generic/oberdiek\atbegshi.sty"
Package: atbegshi 2016/06/09 v1.18 At begin shipout hook (HO)

("D:\Program Files\MiKTeX 2.9\tex/generic/oberdiek\infwarerr.sty"
Package: infwarerr 2016/05/16 v1.4 Providing info/warning/error messages (HO)
)
("D:\Program Files\MiKTeX 2.9\tex/generic/oberdiek\ltxcmds.sty"
Package: ltxcmds 2016/05/16 v1.23 LaTeX kernel commands for general use (HO)
)
("D:\Program Files\MiKTeX 2.9\tex/generic/oberdiek\ifpdf.sty"
Package: ifpdf 2018/09/07 v3.3 Provides the ifpdf switch
))
("D:\Program Files\MiKTeX 2.9\tex/latex/xcolor\xcolor.sty"
Package: xcolor 2016/05/11 v2.12 LaTeX color extensions (UK)

("D:\Program Files\MiKTeX 2.9\tex/latex/graphics-cfg\color.cfg"
File: color.cfg 2016/01/02 v1.6 sample color configuration
)
Package xcolor Info: Driver file: pdftex.def on input line 225.
Package xcolor Info: Model `cmy' substituted by `cmy0' on input line 1348.
Package xcolor Info: Model `hsb' substituted by `rgb' on input line 1352.
Package xcolor Info: Model `RGB' extended on input line 1364.
Package xcolor Info: Model `HTML' substituted by `rgb' on input line 1366.
Package xcolor Info: Model `Hsb' substituted by `hsb' on input line 1367.
Package xcolor Info: Model `tHsb' substituted by `hsb' on input line 1368.
Package xcolor Info: Model `HSB' substituted by `hsb' on input line 1369.
Package xcolor Info: Model `Gray' substituted by `gray' on input line 1370.
Package xcolor Info: Model `wave' substituted by `hsb' on input line 1371.
))
\AM@pagewidth=\dimen107
\AM@pageheight=\dimen108

("D:\Program Files\MiKTeX 2.9\tex/latex/pdfpages\pppdftex.def"
File: pppdftex.def 2017/10/31 v0.5l Pdfpages driver for pdfTeX (AM)
)
\AM@pagebox=\box27
\AM@global@opts=\toks15
\AM@toc@title=\toks16
\c@AM@survey=\count91
\AM@templatesizebox=\box28
)
("D:\Program Files\MiKTeX 2.9\tex/latex/amsmath\amsmath.sty"
Package: amsmath 2018/12/01 v2.17b AMS math features
\@mathmargin=\skip46

For additional information on amsmath, use the `?' option.
("D:\Program Files\MiKTeX 2.9\tex/latex/amsmath\amstext.sty"
Package: amstext 2000/06/29 v2.01 AMS text

("D:\Program Files\MiKTeX 2.9\tex/latex/amsmath\amsgen.sty"
File: amsgen.sty 1999/11/30 v2.0 generic functions
\@emptytoks=\toks17
\ex@=\dimen109
))
("D:\Program Files\MiKTeX 2.9\tex/latex/amsmath\amsbsy.sty"
Package: amsbsy 1999/11/29 v1.2d Bold Symbols
\pmbraise@=\dimen110
)
("D:\Program Files\MiKTeX 2.9\tex/latex/amsmath\amsopn.sty"
Package: amsopn 2016/03/08 v2.02 operator names
)
\inf@bad=\count92
LaTeX Info: Redefining \frac on input line 223.
\uproot@=\count93
\leftroot@=\count94
LaTeX Info: Redefining \overline on input line 385.
\classnum@=\count95
\DOTSCASE@=\count96
LaTeX Info: Redefining \ldots on input line 482.
LaTeX Info: Redefining \dots on input line 485.
LaTeX Info: Redefining \cdots on input line 606.
\Mathstrutbox@=\box29
\strutbox@=\box30
\big@size=\dimen111
LaTeX Font Info:    Redeclaring font encoding OML on input line 729.
LaTeX Font Info:    Redeclaring font encoding OMS on input line 730.
\macc@depth=\count97
\c@MaxMatrixCols=\count98
\dotsspace@=\muskip10
\c@parentequation=\count99
\dspbrk@lvl=\count100
\tag@help=\toks18
\row@=\count101
\column@=\count102
\maxfields@=\count103
\andhelp@=\toks19
\eqnshift@=\dimen112
\alignsep@=\dimen113
\tagshift@=\dimen114
\tagwidth@=\dimen115
\totwidth@=\dimen116
\lineht@=\dimen117
\@envbody=\toks20
\multlinegap=\skip47
\multlinetaggap=\skip48
\mathdisplay@stack=\toks21
LaTeX Info: Redefining \[ on input line 2844.
LaTeX Info: Redefining \] on input line 2845.
)
("D:\Program Files\MiKTeX 2.9\tex/latex/listings\listings.sty"
\lst@mode=\count104
\lst@gtempboxa=\box31
\lst@token=\toks22
\lst@length=\count105
\lst@currlwidth=\dimen118
\lst@column=\count106
\lst@pos=\count107
\lst@lostspace=\dimen119
\lst@width=\dimen120
\lst@newlines=\count108
\lst@lineno=\count109
\lst@maxwidth=\dimen121

("D:\Program Files\MiKTeX 2.9\tex/latex/listings\lstmisc.sty"
File: lstmisc.sty 2019/02/27 1.8b (Carsten Heinz)
\c@lstnumber=\count110
\lst@skipnumbers=\count111
\lst@framebox=\box32
)
("D:\Program Files\MiKTeX 2.9\tex/latex/listings\listings.cfg"
File: listings.cfg 2019/02/27 1.8b listings configuration
))
Package: listings 2019/02/27 1.8b (Carsten Heinz)

(Assignment3.aux

LaTeX Warning: Label `fig:InfinityNorm_a' multiply defined.

)
\openout1 = `Assignment3.aux'.

LaTeX Font Info:    Checking defaults for OML/cmm/m/it on input line 13.
LaTeX Font Info:    ... okay on input line 13.
LaTeX Font Info:    Checking defaults for T1/cmr/m/n on input line 13.
LaTeX Font Info:    ... okay on input line 13.
LaTeX Font Info:    Checking defaults for OT1/cmr/m/n on input line 13.
LaTeX Font Info:    ... okay on input line 13.
LaTeX Font Info:    Checking defaults for OMS/cmsy/m/n on input line 13.
LaTeX Font Info:    ... okay on input line 13.
LaTeX Font Info:    Checking defaults for OMX/cmex/m/n on input line 13.
LaTeX Font Info:    ... okay on input line 13.
LaTeX Font Info:    Checking defaults for U/cmr/m/n on input line 13.
LaTeX Font Info:    ... okay on input line 13.
 ("D:\Program Files\MiKTeX 2.9\tex/context/base/mkii\supp-pdf.mkii"
[Loading MPS to PDF converter (version 2006.09.02).]
\scratchcounter=\count112
\scratchdimen=\dimen122
\scratchbox=\box33
\nofMPsegments=\count113
\nofMParguments=\count114
\everyMPshowfont=\toks23
\MPscratchCnt=\count115
\MPscratchDim=\dimen123
\MPnumerator=\count116
\makeMPintoPDFobject=\count117
\everyMPtoPDFconversion=\toks24
) ("D:\Program Files\MiKTeX 2.9\tex/latex/oberdiek\epstopdf-base.sty"
Package: epstopdf-base 2016/05/15 v2.6 Base part for package epstopdf

("D:\Program Files\MiKTeX 2.9\tex/latex/oberdiek\grfext.sty"
Package: grfext 2016/05/16 v1.2 Manage graphics extensions (HO)

("D:\Program Files\MiKTeX 2.9\tex/generic/oberdiek\kvdefinekeys.sty"
Package: kvdefinekeys 2016/05/16 v1.4 Define keys (HO)
))
("D:\Program Files\MiKTeX 2.9\tex/latex/oberdiek\kvoptions.sty"
Package: kvoptions 2016/05/16 v3.12 Key value format for package options (HO)

("D:\Program Files\MiKTeX 2.9\tex/generic/oberdiek\kvsetkeys.sty"
Package: kvsetkeys 2016/05/16 v1.17 Key value parser (HO)

("D:\Program Files\MiKTeX 2.9\tex/generic/oberdiek\etexcmds.sty"
Package: etexcmds 2016/05/16 v1.6 Avoid name clashes with e-TeX commands (HO)

("D:\Program Files\MiKTeX 2.9\tex/generic/oberdiek\ifluatex.sty"
Package: ifluatex 2016/05/16 v1.4 Provides the ifluatex switch (HO)
Package ifluatex Info: LuaTeX not detected.
))))
("D:\Program Files\MiKTeX 2.9\tex/generic/oberdiek\pdftexcmds.sty"
Package: pdftexcmds 2018/09/10 v0.29 Utility functions of pdfTeX for LuaTeX (HO
)
Package pdftexcmds Info: LuaTeX not detected.
Package pdftexcmds Info: \pdf@primitive is available.
Package pdftexcmds Info: \pdf@ifprimitive is available.
Package pdftexcmds Info: \pdfdraftmode found.
)
Package epstopdf-base Info: Redefining graphics rule for `.eps' on input line 4
38.
Package grfext Info: Graphics extension search list:
(grfext)             [.pdf,.png,.jpg,.mps,.jpeg,.jbig2,.jb2,.PDF,.PNG,.JPG,.JPE
G,.JBIG2,.JB2,.eps]
(grfext)             \AppendGraphicsExtensions on input line 456.
)
\AtBeginShipoutBox=\box34

("D:\Program Files\MiKTeX 2.9\tex/latex/oberdiek\pdflscape.sty"
Package: pdflscape 2016/05/14 v0.11 Display of landscape pages in PDF (HO)

("D:\Program Files\MiKTeX 2.9\tex/latex/graphics\lscape.sty"
Package: lscape 2000/10/22 v3.01 Landscape Pages (DPC)
)
Package pdflscape Info: Auto-detected driver: pdftex on input line 81.

("D:\Program Files\MiKTeX 2.9\tex/generic/ifxetex\ifxetex.sty"
Package: ifxetex 2010/09/12 v0.6 Provides ifxetex conditional
))
\c@lstlisting=\count118

("D:\Program Files\MiKTeX 2.9\tex/latex/listings\lstlang1.sty"
File: lstlang1.sty 2019/02/27 1.8b listings language file
)
<matAB.png, id=1, 603.25375pt x 138.5175pt>
File: matAB.png Graphic file (type png)
<use matAB.png>
Package pdftex.def Info: matAB.png  used on input line 36.
(pdftex.def)             Requested size: 341.43306pt x 78.3978pt.
 (InfinityNorm.m
LaTeX Font Info:    Try loading font information for OML+cmr on input line 15.
("D:\Program Files\MiKTeX 2.9\tex/latex/base\omlcmr.fd"
File: omlcmr.fd 2014/09/29 v2.5h Standard LaTeX font definitions
)
LaTeX Font Info:    Font shape `OML/cmr/m/n' in size <10> not available
(Font)              Font shape `OML/cmm/m/it' tried instead on input line 15.
 [1

{C:/Users/Owen/AppData/Local/MiKTeX/2.9/pdftex/config/pdftex.map} <./matAB.png>
])
<oneA.png, id=14, 363.15675pt x 139.11975pt>
File: oneA.png Graphic file (type png)
<use oneA.png>
Package pdftex.def Info: oneA.png  used on input line 47.
(pdftex.def)             Requested size: 345.0pt x 132.17361pt.
<oneB.png, id=15, 601.64775pt x 143.93774pt>
File: oneB.png Graphic file (type png)
<use oneB.png>
Package pdftex.def Info: oneB.png  used on input line 53.
(pdftex.def)             Requested size: 345.0pt x 82.53952pt.
 [2 <./oneA.png> <./oneB.png>]
Overfull \hbox (1.68121pt too wide) in paragraph at lines 62--62
[]\OT1/cmr/bx/n/14.4 The power gen-er-ated by a wind-mill varies with
 []

<table.png, id=21, 607.26875pt x 69.25874pt>
File: table.png Graphic file (type png)
<use table.png>
Package pdftex.def Info: table.png  used on input line 64.
(pdftex.def)             Requested size: 341.43306pt x 38.94102pt.

Underfull \hbox (badness 10000) in paragraph at lines 69--75

 []


Underfull \hbox (badness 10000) in paragraph at lines 76--77

 []


Overfull \hbox (24.20184pt too wide) in paragraph at lines 78--83
[]\OT1/cmr/m/n/10 y = f(x) = $[]$Y$[]$ + $[]$Y$[]$
 []


Overfull \hbox (133.66374pt too wide) in paragraph at lines 78--83
\OT1/cmr/m/n/10 + $[]$Y$[]$ + $[]$Y$[]$ + $[]$Y$[]$ 
 []


Underfull \hbox (badness 10000) in paragraph at lines 78--83

 []


Underfull \hbox (badness 10000) in paragraph at lines 78--83

 []


Underfull \hbox (badness 10000) in paragraph at lines 84--88

 []


Underfull \hbox (badness 10000) in paragraph at lines 84--88

 []


Underfull \hbox (badness 10000) in paragraph at lines 84--88

 []


Underfull \hbox (badness 10000) in paragraph at lines 84--88

 []


Underfull \hbox (badness 10000) in paragraph at lines 84--88

 []


Underfull \hbox (badness 10000) in paragraph at lines 89--93

 []


Underfull \hbox (badness 10000) in paragraph at lines 89--93

 []


Underfull \hbox (badness 10000) in paragraph at lines 89--93

 []


Underfull \hbox (badness 10000) in paragraph at lines 89--93

 []


Underfull \hbox (badness 10000) in paragraph at lines 89--93

 []

[3 <./table.png>]
Underfull \hbox (badness 10000) in paragraph at lines 94--98

 []


Underfull \hbox (badness 10000) in paragraph at lines 94--98

 []


Underfull \hbox (badness 10000) in paragraph at lines 94--98

 []


Underfull \hbox (badness 10000) in paragraph at lines 94--98

 []


Underfull \hbox (badness 10000) in paragraph at lines 94--98

 []


Underfull \hbox (badness 10000) in paragraph at lines 99--103

 []


Underfull \hbox (badness 10000) in paragraph at lines 99--103

 []


Underfull \hbox (badness 10000) in paragraph at lines 99--103

 []


Underfull \hbox (badness 10000) in paragraph at lines 99--103

 []


Underfull \hbox (badness 10000) in paragraph at lines 99--103

 []


Underfull \hbox (badness 10000) in paragraph at lines 104--108

 []


Underfull \hbox (badness 10000) in paragraph at lines 104--108

 []


Underfull \hbox (badness 10000) in paragraph at lines 104--108

 []


Underfull \hbox (badness 10000) in paragraph at lines 104--108

 []


Underfull \hbox (badness 10000) in paragraph at lines 104--108

 []


Underfull \hbox (badness 10000) in paragraph at lines 104--108

 []


Underfull \hbox (badness 10000) in paragraph at lines 109--111

 []


Overfull \hbox (43.67656pt too wide) in paragraph at lines 109--111
\OT1/cmr/m/n/10 y = f(x) = ($[]$)(320) + ($[]$)(490)
 []


Underfull \hbox (badness 10000) in paragraph at lines 109--111

 []


Underfull \hbox (badness 10000) in paragraph at lines 109--111

 []


Underfull \hbox (badness 10000) in paragraph at lines 112--116

 []


Underfull \hbox (badness 10000) in paragraph at lines 112--116

 []


Underfull \hbox (badness 10000) in paragraph at lines 112--116

 []

[4]
<points.png, id=32, 264.99pt x 83.31125pt>
File: points.png Graphic file (type png)
<use points.png>
Package pdftex.def Info: points.png  used on input line 126.
(pdftex.def)             Requested size: 341.43306pt x 107.35245pt.

Underfull \hbox (badness 10000) in paragraph at lines 130--132

 []


Underfull \hbox (badness 10000) in paragraph at lines 130--132

 []


Underfull \hbox (badness 10000) in paragraph at lines 133--134

 []


Underfull \hbox (badness 10000) in paragraph at lines 135--136

 []


Underfull \hbox (badness 10000) in paragraph at lines 137--138

 []


Underfull \hbox (badness 10000) in paragraph at lines 139--140

 []


Underfull \hbox (badness 10000) in paragraph at lines 141--142

 []


Underfull \hbox (badness 10000) in paragraph at lines 143--144

 []


Underfull \hbox (badness 10000) in paragraph at lines 145--147

 []


Underfull \hbox (badness 10000) in paragraph at lines 145--147

 []


Underfull \hbox (badness 10000) in paragraph at lines 148--149

 []


Overfull \hbox (3.37051pt too wide) in paragraph at lines 150--151
[]\OT1/cmr/m/n/10 f(x$[]$) + 2f(x$[]$) = 3f(x$[]$) + 3f$[]$(x$[]$)h$[]$ + f$[]$
(x$[]$)h$[]$ + 2$[]$h$[]$ + 16$[]$h$[]$ 
 []


Underfull \hbox (badness 10000) in paragraph at lines 150--151

 []


Underfull \hbox (badness 10000) in paragraph at lines 150--151

 []

[5 <./points.png>]
Underfull \hbox (badness 10000) in paragraph at lines 152--153

 []


Underfull \hbox (badness 10000) in paragraph at lines 154--155

 []


Overfull \hbox (38.36327pt too wide) in paragraph at lines 156--157
[]$[]$ \OT1/cmr/m/n/10 = f$[]$(x$[]$) + $[]$ + (2$[]$h$[]$)/(3h$[]$) + (16$[]$h
$[]$)/(3h$[]$) 
 []


Underfull \hbox (badness 10000) in paragraph at lines 156--157

 []


Underfull \hbox (badness 10000) in paragraph at lines 158--159

 []

[6]
<medicalTable.png, id=45, 646.415pt x 99.37125pt>
File: medicalTable.png Graphic file (type png)
<use medicalTable.png>
Package pdftex.def Info: medicalTable.png  used on input line 178.
(pdftex.def)             Requested size: 341.43306pt x 52.48758pt.

Underfull \hbox (badness 10000) in paragraph at lines 185--195

 []


Overfull \hbox (20.75504pt too wide) in paragraph at lines 185--195
\OT1/cmr/m/n/10 f'(x$[]$) = $[]$y$[]$ + $[]$y$[]$ + $[]$y$[]$ 
 []


Underfull \hbox (badness 10000) in paragraph at lines 185--195

 []


Underfull \hbox (badness 10000) in paragraph at lines 185--195

 []


Underfull \hbox (badness 10000) in paragraph at lines 196--198

 []


Underfull \hbox (badness 10000) in paragraph at lines 196--198

 []


Underfull \hbox (badness 10000) in paragraph at lines 196--198

 []


Underfull \hbox (badness 10000) in paragraph at lines 199--204

 []


Underfull \hbox (badness 10000) in paragraph at lines 199--204

 []


Underfull \hbox (badness 10000) in paragraph at lines 205--206

 []


Underfull \hbox (badness 10000) in paragraph at lines 205--206

 []


Underfull \hbox (badness 10000) in paragraph at lines 207--212

 []


Underfull \hbox (badness 10000) in paragraph at lines 207--212

 []

[7 <./medicalTable.png>]
Underfull \hbox (badness 10000) in paragraph at lines 214--215

 []


Underfull \hbox (badness 10000) in paragraph at lines 214--215

 []


Overfull \hbox (35.75504pt too wide) in paragraph at lines 216--224
[]\OT1/cmr/m/n/10 f'(x$[]$) = $[]$y$[]$ + $[]$y$[]$ + $[]$y$[]$ 
 []


Underfull \hbox (badness 10000) in paragraph at lines 216--224

 []


Underfull \hbox (badness 10000) in paragraph at lines 216--224

 []


Underfull \hbox (badness 10000) in paragraph at lines 225--227

 []


Underfull \hbox (badness 10000) in paragraph at lines 225--227

 []


Underfull \hbox (badness 10000) in paragraph at lines 225--227

 []


Overfull \hbox (88.53484pt too wide) in paragraph at lines 228--233
[]\OT1/cmr/m/n/10 4940 = $[]$(646493) + $[]$(665647) + $[]$(a) 
 []


Underfull \hbox (badness 10000) in paragraph at lines 228--233

 []


Underfull \hbox (badness 10000) in paragraph at lines 228--233

 []


Underfull \hbox (badness 10000) in paragraph at lines 234--239

 []


Underfull \hbox (badness 10000) in paragraph at lines 234--239

 []


Underfull \hbox (badness 10000) in paragraph at lines 234--239

 []


Underfull \hbox (badness 10000) in paragraph at lines 241--242

 []


Underfull \hbox (badness 10000) in paragraph at lines 241--242

 []


Underfull \hbox (badness 10000) in paragraph at lines 243--248

 []


Underfull \hbox (badness 10000) in paragraph at lines 243--248

 []


Underfull \hbox (badness 10000) in paragraph at lines 249--254

 []


Underfull \hbox (badness 10000) in paragraph at lines 249--254

 []


Underfull \hbox (badness 10000) in paragraph at lines 249--254

 []


Package pdfpages Warning: Option `page' is unknow to \includepdf.
(pdfpages)                Did you mean `pages'? (Note the `s'!)
(pdfpages)                OK, I'll proceed as if it were `pages'.

<Assignment3_multichoice.pdf, id=51, 597.432pt x 845.07718pt>
File: Assignment3_multichoice.pdf Graphic file (type pdf)
<use Assignment3_multichoice.pdf>
Package pdftex.def Info: Assignment3_multichoice.pdf  used on input line 258.
(pdftex.def)             Requested size: 597.43054pt x 845.07512pt.
File: Assignment3_multichoice.pdf Graphic file (type pdf)
<use Assignment3_multichoice.pdf>
Package pdftex.def Info: Assignment3_multichoice.pdf  used on input line 258.
(pdftex.def)             Requested size: 597.43054pt x 845.07512pt.
<Assignment3_multichoice.pdf, id=54, page=1, 597.432pt x 845.07718pt>
File: Assignment3_multichoice.pdf Graphic file (type pdf)
<use Assignment3_multichoice.pdf, page 1>
Package pdftex.def Info: Assignment3_multichoice.pdf , page1 used on input line
 258.
(pdftex.def)             Requested size: 597.43054pt x 845.07512pt.
File: Assignment3_multichoice.pdf Graphic file (type pdf)
<use Assignment3_multichoice.pdf, page 1>
Package pdftex.def Info: Assignment3_multichoice.pdf , page1 used on input line
 258.
(pdftex.def)             Requested size: 562.05109pt x 795.0303pt.
[8]
File: Assignment3_multichoice.pdf Graphic file (type pdf)
<use Assignment3_multichoice.pdf, page 1>
Package pdftex.def Info: Assignment3_multichoice.pdf , page1 used on input line
 258.
(pdftex.def)             Requested size: 562.05109pt x 795.0303pt.
File: Assignment3_multichoice.pdf Graphic file (type pdf)
<use Assignment3_multichoice.pdf, page 1>
Package pdftex.def Info: Assignment3_multichoice.pdf , page1 used on input line
 258.
(pdftex.def)             Requested size: 562.05109pt x 795.0303pt.
File: Assignment3_multichoice.pdf Graphic file (type pdf)
<use Assignment3_multichoice.pdf, page 1>
Package pdftex.def Info: Assignment3_multichoice.pdf , page1 used on input line
 258.
(pdftex.def)             Requested size: 562.05109pt x 795.0303pt.
 [9 <./Assignment3_multichoice.pdf>]
<Assignment3_multichoice.pdf, id=72, page=2, 597.432pt x 845.07718pt>
File: Assignment3_multichoice.pdf Graphic file (type pdf)
<use Assignment3_multichoice.pdf, page 2>
Package pdftex.def Info: Assignment3_multichoice.pdf , page2 used on input line
 258.
(pdftex.def)             Requested size: 562.05109pt x 795.0303pt.
File: Assignment3_multichoice.pdf Graphic file (type pdf)
<use Assignment3_multichoice.pdf, page 2>
Package pdftex.def Info: Assignment3_multichoice.pdf , page2 used on input line
 258.
(pdftex.def)             Requested size: 562.05109pt x 795.0303pt.
File: Assignment3_multichoice.pdf Graphic file (type pdf)
<use Assignment3_multichoice.pdf, page 2>
Package pdftex.def Info: Assignment3_multichoice.pdf , page2 used on input line
 258.
(pdftex.def)             Requested size: 562.05109pt x 795.0303pt.
 [10 <./Assignment3_multichoice.pdf>]
(Assignment3.aux)

LaTeX Warning: There were multiply-defined labels.

 ) 
Here is how much of TeX's memory you used:
 5616 strings out of 492946
 75470 string characters out of 3135530
 398733 words of memory out of 3000000
 9444 multiletter control sequences out of 15000+200000
 6798 words of font info for 25 fonts, out of 3000000 for 9000
 1141 hyphenation exceptions out of 8191
 41i,18n,46p,847b,2114s stack positions out of 5000i,500n,10000p,200000b,50000s
<D:/Program Files/MiKTeX 2.9/fonts/type1/public/amsfonts/cm/cmbx10.pfb><D:/Pr
ogram Files/MiKTeX 2.9/fonts/type1/public/amsfonts/cm/cmbx12.pfb><D:/Program Fi
les/MiKTeX 2.9/fonts/type1/public/amsfonts/cm/cmmi10.pfb><D:/Program Files/MiKT
eX 2.9/fonts/type1/public/amsfonts/cm/cmmi12.pfb><D:/Program Files/MiKTeX 2.9/f
onts/type1/public/amsfonts/cm/cmmi5.pfb><D:/Program Files/MiKTeX 2.9/fonts/type
1/public/amsfonts/cm/cmmi7.pfb><D:/Program Files/MiKTeX 2.9/fonts/type1/public/
amsfonts/cm/cmr10.pfb><D:/Program Files/MiKTeX 2.9/fonts/type1/public/amsfonts/
cm/cmr12.pfb><D:/Program Files/MiKTeX 2.9/fonts/type1/public/amsfonts/cm/cmr5.p
fb><D:/Program Files/MiKTeX 2.9/fonts/type1/public/amsfonts/cm/cmr7.pfb><D:/Pro
gram Files/MiKTeX 2.9/fonts/type1/public/amsfonts/cm/cmsy10.pfb><D:/Program Fil
es/MiKTeX 2.9/fonts/type1/public/amsfonts/cm/cmsy5.pfb><D:/Program Files/MiKTeX
 2.9/fonts/type1/public/amsfonts/cm/cmsy7.pfb><D:/Program Files/MiKTeX 2.9/font
s/type1/public/amsfonts/cm/cmti12.pfb>
Output written on Assignment3.pdf (10 pages, 689231 bytes).
PDF statistics:
 128 PDF objects out of 1000 (max. 8388607)
 0 named destinations out of 1000 (max. 500000)
 56 words of extra memory for PDF output out of 10000 (max. 10000000)

